[15:17:44] [main/INFO]: Setting user: Player703
[15:17:47] [Client thread/INFO]: LWJGL Version: 2.9.1
[15:17:59] [Client thread/INFO]: Reloading ResourceManager: Default, FMLFileResourcePack:Forge Mod Loader, FMLFileResourcePack:Minecraft Forge, FMLFileResourcePack:See The Rarities Mod
[15:18:01] [Sound Library Loader/INFO]: Sound engine started
[15:18:05] [Client thread/INFO]: Created: 16x16 textures/blocks-atlas
[15:18:05] [Client thread/INFO]: Created: 16x16 textures/items-atlas
[15:18:06] [Client thread/INFO]: Reloading ResourceManager: Default, FMLFileResourcePack:Forge Mod Loader, FMLFileResourcePack:Minecraft Forge, FMLFileResourcePack:See The Rarities Mod
[15:18:07] [Client thread/INFO]: Created: 512x256 textures/blocks-atlas
[15:18:07] [Client thread/INFO]: Created: 256x256 textures/items-atlas
[15:18:08] [Sound Library Loader/INFO]: Sound engine started
[15:18:23] [Server thread/INFO]: Starting integrated minecraft server version 1.7.10
[15:18:23] [Server thread/INFO]: Generating keypair
[15:18:24] [Server thread/INFO]: Preparing start region for level 0
[15:18:25] [Server thread/INFO]: Preparing spawn area: 1%
[15:18:27] [Server thread/INFO]: Changing view distance to 2, from 10
[15:18:29] [Server thread/INFO]: Player703[local:E:0288e280] logged in with entity id 428 at (-29.5, 71.0, 253.5)
[15:18:29] [Server thread/INFO]: Player703 joined the game
[15:18:29] [Server thread/INFO]: Saving and pausing game...
[15:18:29] [Server thread/INFO]: Saving chunks for level 'sddsadsa'/Overworld
[15:18:30] [Server thread/INFO]: Saving chunks for level 'sddsadsa'/Nether
[15:18:30] [Server thread/INFO]: Saving chunks for level 'sddsadsa'/The End
[15:18:35] [Client thread/ERROR]: ########## GL ERROR ##########
[15:18:35] [Client thread/ERROR]: @ Post render
[15:18:35] [Client thread/ERROR]: 1280: Invalid enum
[15:18:35] [Client thread/ERROR]: ########## GL ERROR ##########
[15:18:35] [Client thread/ERROR]: @ Post render
[15:18:35] [Client thread/ERROR]: 1280: Invalid enum
[15:18:35] [Client thread/ERROR]: ########## GL ERROR ##########
[15:18:35] [Client thread/ERROR]: @ Post render
[15:18:35] [Client thread/ERROR]: 1280: Invalid enum
[15:18:35] [Client thread/ERROR]: ########## GL ERROR ##########
[15:18:35] [Client thread/ERROR]: @ Post render
[15:18:35] [Client thread/ERROR]: 1280: Invalid enum
[15:18:35] [Client thread/ERROR]: ########## GL ERROR ##########
[15:18:35] [Client thread/ERROR]: @ Post render
[15:18:35] [Client thread/ERROR]: 1280: Invalid enum
[15:18:35] [Client thread/ERROR]: ########## GL ERROR ##########
[15:18:35] [Client thread/ERROR]: @ Post render
[15:18:35] [Client thread/ERROR]: 1280: Invalid enum
[15:18:35] [Client thread/ERROR]: ########## GL ERROR ##########
[15:18:35] [Client thread/ERROR]: @ Post render
[15:18:35] [Client thread/ERROR]: 1280: Invalid enum
[15:18:35] [Client thread/ERROR]: ########## GL ERROR ##########
[15:18:35] [Client thread/ERROR]: @ Post render
[15:18:35] [Client thread/ERROR]: 1280: Invalid enum
[15:18:35] [Client thread/ERROR]: ########## GL ERROR ##########
[15:18:35] [Client thread/ERROR]: @ Post render
[15:18:35] [Client thread/ERROR]: 1280: Invalid enum
[15:18:35] [Client thread/ERROR]: ########## GL ERROR ##########
[15:18:35] [Client thread/ERROR]: @ Post render
[15:18:35] [Client thread/ERROR]: 1280: Invalid enum
[15:18:35] [Client thread/ERROR]: ########## GL ERROR ##########
[15:18:35] [Client thread/ERROR]: @ Post render
[15:18:35] [Client thread/ERROR]: 1280: Invalid enum
[15:18:35] [Client thread/ERROR]: ########## GL ERROR ##########
[15:18:35] [Client thread/ERROR]: @ Post render
[15:18:35] [Client thread/ERROR]: 1280: Invalid enum
[15:18:35] [Client thread/ERROR]: ########## GL ERROR ##########
[15:18:35] [Client thread/ERROR]: @ Post render
[15:18:35] [Client thread/ERROR]: 1280: Invalid enum
[15:18:36] [Client thread/ERROR]: ########## GL ERROR ##########
[15:18:36] [Client thread/ERROR]: @ Post render
[15:18:36] [Client thread/ERROR]: 1280: Invalid enum
[15:18:36] [Client thread/ERROR]: ########## GL ERROR ##########
[15:18:36] [Client thread/ERROR]: @ Post render
[15:18:36] [Client thread/ERROR]: 1280: Invalid enum
[15:18:36] [Client thread/ERROR]: ########## GL ERROR ##########
[15:18:36] [Client thread/ERROR]: @ Post render
[15:18:36] [Client thread/ERROR]: 1280: Invalid enum
[15:18:36] [Server thread/INFO]: Saving and pausing game...
[15:18:36] [Server thread/INFO]: Saving chunks for level 'sddsadsa'/Overworld
[15:18:36] [Client thread/ERROR]: ########## GL ERROR ##########
[15:18:36] [Client thread/ERROR]: @ Post render
[15:18:36] [Client thread/ERROR]: 1280: Invalid enum
[15:18:36] [Server thread/INFO]: Saving chunks for level 'sddsadsa'/Nether
[15:18:36] [Server thread/INFO]: Saving chunks for level 'sddsadsa'/The End
[15:18:36] [Client thread/ERROR]: ########## GL ERROR ##########
[15:18:36] [Client thread/ERROR]: @ Post render
[15:18:36] [Client thread/ERROR]: 1280: Invalid enum
[15:18:36] [Client thread/ERROR]: ########## GL ERROR ##########
[15:18:36] [Client thread/ERROR]: @ Post render
[15:18:36] [Client thread/ERROR]: 1280: Invalid enum
[15:18:36] [Client thread/ERROR]: ########## GL ERROR ##########
[15:18:36] [Client thread/ERROR]: @ Post render
[15:18:36] [Client thread/ERROR]: 1280: Invalid enum
[15:18:36] [Client thread/ERROR]: ########## GL ERROR ##########
[15:18:36] [Client thread/ERROR]: @ Post render
[15:18:36] [Client thread/ERROR]: 1280: Invalid enum
[15:18:36] [Client thread/ERROR]: ########## GL ERROR ##########
[15:18:36] [Client thread/ERROR]: @ Post render
[15:18:36] [Client thread/ERROR]: 1280: Invalid enum
[15:18:36] [Client thread/ERROR]: ########## GL ERROR ##########
[15:18:36] [Client thread/ERROR]: @ Post render
[15:18:36] [Client thread/ERROR]: 1280: Invalid enum
[15:18:36] [Client thread/ERROR]: ########## GL ERROR ##########
[15:18:36] [Client thread/ERROR]: @ Post render
[15:18:36] [Client thread/ERROR]: 1280: Invalid enum
[15:18:36] [Client thread/ERROR]: ########## GL ERROR ##########
[15:18:36] [Client thread/ERROR]: @ Post render
[15:18:36] [Client thread/ERROR]: 1280: Invalid enum
[15:18:36] [Client thread/ERROR]: ########## GL ERROR ##########
[15:18:36] [Client thread/ERROR]: @ Post render
[15:18:36] [Client thread/ERROR]: 1280: Invalid enum
[15:18:36] [Client thread/ERROR]: ########## GL ERROR ##########
[15:18:36] [Client thread/ERROR]: @ Post render
[15:18:36] [Client thread/ERROR]: 1280: Invalid enum
[15:18:37] [Client thread/ERROR]: ########## GL ERROR ##########
[15:18:37] [Client thread/ERROR]: @ Post render
[15:18:37] [Client thread/ERROR]: 1280: Invalid enum
[15:18:37] [Client thread/ERROR]: ########## GL ERROR ##########
[15:18:37] [Client thread/ERROR]: @ Post render
[15:18:37] [Client thread/ERROR]: 1280: Invalid enum
[15:18:37] [Client thread/ERROR]: ########## GL ERROR ##########
[15:18:37] [Client thread/ERROR]: @ Post render
[15:18:37] [Client thread/ERROR]: 1280: Invalid enum
[15:18:37] [Client thread/ERROR]: ########## GL ERROR ##########
[15:18:37] [Client thread/ERROR]: @ Post render
[15:18:37] [Client thread/ERROR]: 1280: Invalid enum
[15:18:37] [Client thread/ERROR]: ########## GL ERROR ##########
[15:18:37] [Client thread/ERROR]: @ Post render
[15:18:37] [Client thread/ERROR]: 1280: Invalid enum
[15:18:37] [Client thread/ERROR]: ########## GL ERROR ##########
[15:18:37] [Client thread/ERROR]: @ Post render
[15:18:37] [Client thread/ERROR]: 1280: Invalid enum
[15:18:37] [Client thread/ERROR]: ########## GL ERROR ##########
[15:18:37] [Client thread/ERROR]: @ Post render
[15:18:37] [Client thread/ERROR]: 1280: Invalid enum
[15:18:37] [Client thread/ERROR]: ########## GL ERROR ##########
[15:18:37] [Client thread/ERROR]: @ Post render
[15:18:37] [Client thread/ERROR]: 1280: Invalid enum
[15:18:37] [Client thread/ERROR]: ########## GL ERROR ##########
[15:18:37] [Client thread/ERROR]: @ Post render
[15:18:37] [Client thread/ERROR]: 1280: Invalid enum
[15:18:37] [Client thread/ERROR]: ########## GL ERROR ##########
[15:18:37] [Client thread/ERROR]: @ Post render
[15:18:37] [Client thread/ERROR]: 1280: Invalid enum
[15:18:37] [Client thread/ERROR]: ########## GL ERROR ##########
[15:18:37] [Client thread/ERROR]: @ Post render
[15:18:37] [Client thread/ERROR]: 1280: Invalid enum
[15:18:37] [Client thread/ERROR]: ########## GL ERROR ##########
[15:18:37] [Client thread/ERROR]: @ Post render
[15:18:37] [Client thread/ERROR]: 1280: Invalid enum
[15:18:37] [Client thread/ERROR]: ########## GL ERROR ##########
[15:18:37] [Client thread/ERROR]: @ Post render
[15:18:37] [Client thread/ERROR]: 1280: Invalid enum
[15:18:37] [Client thread/ERROR]: ########## GL ERROR ##########
[15:18:37] [Client thread/ERROR]: @ Post render
[15:18:37] [Client thread/ERROR]: 1280: Invalid enum
[15:18:37] [Client thread/ERROR]: ########## GL ERROR ##########
[15:18:37] [Client thread/ERROR]: @ Post render
[15:18:37] [Client thread/ERROR]: 1280: Invalid enum
[15:18:38] [Client thread/ERROR]: ########## GL ERROR ##########
[15:18:38] [Client thread/ERROR]: @ Post render
[15:18:38] [Client thread/ERROR]: 1280: Invalid enum
[15:18:38] [Client thread/ERROR]: ########## GL ERROR ##########
[15:18:38] [Client thread/ERROR]: @ Post render
[15:18:38] [Client thread/ERROR]: 1280: Invalid enum
[15:18:38] [Client thread/ERROR]: ########## GL ERROR ##########
[15:18:38] [Client thread/ERROR]: @ Post render
[15:18:38] [Client thread/ERROR]: 1280: Invalid enum
[15:18:38] [Client thread/ERROR]: ########## GL ERROR ##########
[15:18:38] [Client thread/ERROR]: @ Post render
[15:18:38] [Client thread/ERROR]: 1280: Invalid enum
[15:18:38] [Client thread/ERROR]: ########## GL ERROR ##########
[15:18:38] [Client thread/ERROR]: @ Post render
[15:18:38] [Client thread/ERROR]: 1280: Invalid enum
[15:18:38] [Client thread/ERROR]: ########## GL ERROR ##########
[15:18:38] [Client thread/ERROR]: @ Post render
[15:18:38] [Client thread/ERROR]: 1280: Invalid enum
[15:18:38] [Client thread/ERROR]: ########## GL ERROR ##########
[15:18:38] [Client thread/ERROR]: @ Post render
[15:18:38] [Client thread/ERROR]: 1280: Invalid enum
[15:18:38] [Client thread/ERROR]: ########## GL ERROR ##########
[15:18:38] [Client thread/ERROR]: @ Post render
[15:18:38] [Client thread/ERROR]: 1280: Invalid enum
[15:18:38] [Client thread/ERROR]: ########## GL ERROR ##########
[15:18:38] [Client thread/ERROR]: @ Post render
[15:18:38] [Client thread/ERROR]: 1280: Invalid enum
[15:18:38] [Client thread/ERROR]: ########## GL ERROR ##########
[15:18:38] [Client thread/ERROR]: @ Post render
[15:18:38] [Client thread/ERROR]: 1280: Invalid enum
[15:18:39] [Client thread/ERROR]: ########## GL ERROR ##########
[15:18:39] [Client thread/ERROR]: @ Post render
[15:18:39] [Client thread/ERROR]: 1280: Invalid enum
[15:18:39] [Client thread/ERROR]: ########## GL ERROR ##########
[15:18:39] [Client thread/ERROR]: @ Post render
[15:18:39] [Client thread/ERROR]: 1280: Invalid enum
[15:18:39] [Client thread/ERROR]: ########## GL ERROR ##########
[15:18:39] [Client thread/ERROR]: @ Post render
[15:18:39] [Client thread/ERROR]: 1280: Invalid enum
[15:18:39] [Client thread/ERROR]: ########## GL ERROR ##########
[15:18:39] [Client thread/ERROR]: @ Post render
[15:18:39] [Client thread/ERROR]: 1280: Invalid enum
[15:18:39] [Client thread/ERROR]: ########## GL ERROR ##########
[15:18:39] [Client thread/ERROR]: @ Post render
[15:18:39] [Client thread/ERROR]: 1280: Invalid enum
[15:18:39] [Client thread/ERROR]: ########## GL ERROR ##########
[15:18:39] [Client thread/ERROR]: @ Post render
[15:18:39] [Client thread/ERROR]: 1280: Invalid enum
[15:18:39] [Client thread/ERROR]: ########## GL ERROR ##########
[15:18:39] [Client thread/ERROR]: @ Post render
[15:18:39] [Client thread/ERROR]: 1280: Invalid enum
[15:18:39] [Client thread/ERROR]: ########## GL ERROR ##########
[15:18:39] [Client thread/ERROR]: @ Post render
[15:18:39] [Client thread/ERROR]: 1280: Invalid enum
[15:18:39] [Client thread/ERROR]: ########## GL ERROR ##########
[15:18:39] [Client thread/ERROR]: @ Post render
[15:18:39] [Client thread/ERROR]: 1280: Invalid enum
[15:18:39] [Client thread/ERROR]: ########## GL ERROR ##########
[15:18:39] [Client thread/ERROR]: @ Post render
[15:18:39] [Client thread/ERROR]: 1280: Invalid enum
[15:18:39] [Client thread/ERROR]: ########## GL ERROR ##########
[15:18:39] [Client thread/ERROR]: @ Post render
[15:18:39] [Client thread/ERROR]: 1280: Invalid enum
[15:18:39] [Client thread/ERROR]: ########## GL ERROR ##########
[15:18:39] [Client thread/ERROR]: @ Post render
[15:18:39] [Client thread/ERROR]: 1280: Invalid enum
[15:18:39] [Client thread/ERROR]: ########## GL ERROR ##########
[15:18:39] [Client thread/ERROR]: @ Post render
[15:18:39] [Client thread/ERROR]: 1280: Invalid enum
[15:18:39] [Client thread/ERROR]: ########## GL ERROR ##########
[15:18:39] [Client thread/ERROR]: @ Post render
[15:18:39] [Client thread/ERROR]: 1280: Invalid enum
[15:18:40] [Client thread/ERROR]: ########## GL ERROR ##########
[15:18:40] [Client thread/ERROR]: @ Post render
[15:18:40] [Client thread/ERROR]: 1280: Invalid enum
[15:18:40] [Client thread/ERROR]: ########## GL ERROR ##########
[15:18:40] [Client thread/ERROR]: @ Post render
[15:18:40] [Client thread/ERROR]: 1280: Invalid enum
[15:18:40] [Client thread/ERROR]: ########## GL ERROR ##########
[15:18:40] [Client thread/ERROR]: @ Post render
[15:18:40] [Client thread/ERROR]: 1280: Invalid enum
[15:18:40] [Client thread/ERROR]: ########## GL ERROR ##########
[15:18:40] [Client thread/ERROR]: @ Post render
[15:18:40] [Client thread/ERROR]: 1280: Invalid enum
[15:18:40] [Client thread/ERROR]: ########## GL ERROR ##########
[15:18:40] [Client thread/ERROR]: @ Post render
[15:18:40] [Client thread/ERROR]: 1280: Invalid enum
[15:18:40] [Client thread/ERROR]: ########## GL ERROR ##########
[15:18:40] [Client thread/ERROR]: @ Post render
[15:18:40] [Client thread/ERROR]: 1280: Invalid enum
[15:18:40] [Client thread/ERROR]: ########## GL ERROR ##########
[15:18:40] [Client thread/ERROR]: @ Post render
[15:18:40] [Client thread/ERROR]: 1280: Invalid enum
[15:18:40] [Client thread/ERROR]: ########## GL ERROR ##########
[15:18:40] [Client thread/ERROR]: @ Post render
[15:18:40] [Client thread/ERROR]: 1280: Invalid enum
[15:18:40] [Client thread/ERROR]: ########## GL ERROR ##########
[15:18:40] [Client thread/ERROR]: @ Post render
[15:18:40] [Client thread/ERROR]: 1280: Invalid enum
[15:18:40] [Client thread/ERROR]: ########## GL ERROR ##########
[15:18:40] [Client thread/ERROR]: @ Post render
[15:18:40] [Client thread/ERROR]: 1280: Invalid enum
[15:18:40] [Client thread/ERROR]: ########## GL ERROR ##########
[15:18:40] [Client thread/ERROR]: @ Post render
[15:18:40] [Client thread/ERROR]: 1280: Invalid enum
[15:18:40] [Client thread/ERROR]: ########## GL ERROR ##########
[15:18:40] [Client thread/ERROR]: @ Post render
[15:18:40] [Client thread/ERROR]: 1280: Invalid enum
[15:18:40] [Client thread/ERROR]: ########## GL ERROR ##########
[15:18:40] [Client thread/ERROR]: @ Post render
[15:18:40] [Client thread/ERROR]: 1280: Invalid enum
[15:18:41] [Client thread/ERROR]: ########## GL ERROR ##########
[15:18:41] [Client thread/ERROR]: @ Post render
[15:18:41] [Client thread/ERROR]: 1280: Invalid enum
[15:18:41] [Client thread/ERROR]: ########## GL ERROR ##########
[15:18:41] [Client thread/ERROR]: @ Post render
[15:18:41] [Client thread/ERROR]: 1280: Invalid enum
[15:18:41] [Client thread/ERROR]: ########## GL ERROR ##########
[15:18:41] [Client thread/ERROR]: @ Post render
[15:18:41] [Client thread/ERROR]: 1280: Invalid enum
[15:18:41] [Client thread/ERROR]: ########## GL ERROR ##########
[15:18:41] [Client thread/ERROR]: @ Post render
[15:18:41] [Client thread/ERROR]: 1280: Invalid enum
[15:18:41] [Client thread/ERROR]: ########## GL ERROR ##########
[15:18:41] [Client thread/ERROR]: @ Post render
[15:18:41] [Client thread/ERROR]: 1280: Invalid enum
[15:18:41] [Client thread/ERROR]: ########## GL ERROR ##########
[15:18:41] [Client thread/ERROR]: @ Post render
[15:18:41] [Client thread/ERROR]: 1280: Invalid enum
[15:18:41] [Client thread/ERROR]: ########## GL ERROR ##########
[15:18:41] [Client thread/ERROR]: @ Post render
[15:18:41] [Client thread/ERROR]: 1280: Invalid enum
[15:18:41] [Client thread/ERROR]: ########## GL ERROR ##########
[15:18:41] [Client thread/ERROR]: @ Post render
[15:18:41] [Client thread/ERROR]: 1280: Invalid enum
[15:18:41] [Client thread/ERROR]: ########## GL ERROR ##########
[15:18:41] [Client thread/ERROR]: @ Post render
[15:18:41] [Client thread/ERROR]: 1280: Invalid enum
[15:18:41] [Client thread/ERROR]: ########## GL ERROR ##########
[15:18:41] [Client thread/ERROR]: @ Post render
[15:18:41] [Client thread/ERROR]: 1280: Invalid enum
[15:18:41] [Client thread/ERROR]: ########## GL ERROR ##########
[15:18:41] [Client thread/ERROR]: @ Post render
[15:18:41] [Client thread/ERROR]: 1280: Invalid enum
[15:18:41] [Client thread/ERROR]: ########## GL ERROR ##########
[15:18:41] [Client thread/ERROR]: @ Post render
[15:18:41] [Client thread/ERROR]: 1280: Invalid enum
[15:18:41] [Client thread/ERROR]: ########## GL ERROR ##########
[15:18:41] [Client thread/ERROR]: @ Post render
[15:18:41] [Client thread/ERROR]: 1280: Invalid enum
[15:18:41] [Client thread/ERROR]: ########## GL ERROR ##########
[15:18:41] [Client thread/ERROR]: @ Post render
[15:18:41] [Client thread/ERROR]: 1280: Invalid enum
[15:18:41] [Client thread/ERROR]: ########## GL ERROR ##########
[15:18:41] [Client thread/ERROR]: @ Post render
[15:18:41] [Client thread/ERROR]: 1280: Invalid enum
[15:18:41] [Client thread/ERROR]: ########## GL ERROR ##########
[15:18:41] [Client thread/ERROR]: @ Post render
[15:18:41] [Client thread/ERROR]: 1280: Invalid enum
[15:18:41] [Client thread/ERROR]: ########## GL ERROR ##########
[15:18:41] [Client thread/ERROR]: @ Post render
[15:18:41] [Client thread/ERROR]: 1280: Invalid enum
[15:18:41] [Client thread/ERROR]: ########## GL ERROR ##########
[15:18:41] [Client thread/ERROR]: @ Post render
[15:18:41] [Client thread/ERROR]: 1280: Invalid enum
[15:18:42] [Client thread/ERROR]: ########## GL ERROR ##########
[15:18:42] [Client thread/ERROR]: @ Post render
[15:18:42] [Client thread/ERROR]: 1280: Invalid enum
[15:18:42] [Client thread/ERROR]: ########## GL ERROR ##########
[15:18:42] [Client thread/ERROR]: @ Post render
[15:18:42] [Client thread/ERROR]: 1280: Invalid enum
[15:18:42] [Client thread/ERROR]: ########## GL ERROR ##########
[15:18:42] [Client thread/ERROR]: @ Post render
[15:18:42] [Client thread/ERROR]: 1280: Invalid enum
[15:18:42] [Client thread/ERROR]: ########## GL ERROR ##########
[15:18:42] [Client thread/ERROR]: @ Post render
[15:18:42] [Client thread/ERROR]: 1280: Invalid enum
[15:18:42] [Client thread/ERROR]: ########## GL ERROR ##########
[15:18:42] [Client thread/ERROR]: @ Post render
[15:18:42] [Client thread/ERROR]: 1280: Invalid enum
[15:18:42] [Client thread/ERROR]: ########## GL ERROR ##########
[15:18:42] [Client thread/ERROR]: @ Post render
[15:18:42] [Client thread/ERROR]: 1280: Invalid enum
[15:18:42] [Client thread/ERROR]: ########## GL ERROR ##########
[15:18:42] [Client thread/ERROR]: @ Post render
[15:18:42] [Client thread/ERROR]: 1280: Invalid enum
[15:18:42] [Client thread/ERROR]: ########## GL ERROR ##########
[15:18:42] [Client thread/ERROR]: @ Post render
[15:18:42] [Client thread/ERROR]: 1280: Invalid enum
[15:18:42] [Client thread/ERROR]: ########## GL ERROR ##########
[15:18:42] [Client thread/ERROR]: @ Post render
[15:18:42] [Client thread/ERROR]: 1280: Invalid enum
[15:18:42] [Client thread/ERROR]: ########## GL ERROR ##########
[15:18:42] [Client thread/ERROR]: @ Post render
[15:18:42] [Client thread/ERROR]: 1280: Invalid enum
[15:18:42] [Client thread/ERROR]: ########## GL ERROR ##########
[15:18:42] [Client thread/ERROR]: @ Post render
[15:18:42] [Client thread/ERROR]: 1280: Invalid enum
[15:18:42] [Client thread/ERROR]: ########## GL ERROR ##########
[15:18:42] [Client thread/ERROR]: @ Post render
[15:18:42] [Client thread/ERROR]: 1280: Invalid enum
[15:18:42] [Client thread/ERROR]: ########## GL ERROR ##########
[15:18:42] [Client thread/ERROR]: @ Post render
[15:18:42] [Client thread/ERROR]: 1280: Invalid enum
[15:18:42] [Client thread/ERROR]: ########## GL ERROR ##########
[15:18:42] [Client thread/ERROR]: @ Post render
[15:18:42] [Client thread/ERROR]: 1280: Invalid enum
[15:18:42] [Client thread/ERROR]: ########## GL ERROR ##########
[15:18:42] [Client thread/ERROR]: @ Post render
[15:18:42] [Client thread/ERROR]: 1280: Invalid enum
[15:18:42] [Client thread/ERROR]: ########## GL ERROR ##########
[15:18:42] [Client thread/ERROR]: @ Post render
[15:18:42] [Client thread/ERROR]: 1280: Invalid enum
[15:18:42] [Client thread/ERROR]: ########## GL ERROR ##########
[15:18:42] [Client thread/ERROR]: @ Post render
[15:18:42] [Client thread/ERROR]: 1280: Invalid enum
[15:18:42] [Client thread/INFO]: Reloading ResourceManager: Default, FMLFileResourcePack:Forge Mod Loader, FMLFileResourcePack:Minecraft Forge, FMLFileResourcePack:See The Rarities Mod
[15:18:43] [Client thread/INFO]: Created: 512x256 textures/blocks-atlas
[15:18:43] [Client thread/INFO]: Created: 256x256 textures/items-atlas
[15:18:44] [Sound Library Loader/INFO]: Sound engine started
[15:18:45] [Client thread/ERROR]: ########## GL ERROR ##########
[15:18:45] [Client thread/ERROR]: @ Post render
[15:18:45] [Client thread/ERROR]: 1280: Invalid enum
[15:18:46] [Client thread/ERROR]: ########## GL ERROR ##########
[15:18:46] [Client thread/ERROR]: @ Post render
[15:18:46] [Client thread/ERROR]: 1280: Invalid enum
[15:18:46] [Client thread/ERROR]: ########## GL ERROR ##########
[15:18:46] [Client thread/ERROR]: @ Post render
[15:18:46] [Client thread/ERROR]: 1280: Invalid enum
[15:18:46] [Client thread/ERROR]: ########## GL ERROR ##########
[15:18:46] [Client thread/ERROR]: @ Post render
[15:18:46] [Client thread/ERROR]: 1280: Invalid enum
[15:18:46] [Client thread/ERROR]: ########## GL ERROR ##########
[15:18:46] [Client thread/ERROR]: @ Post render
[15:18:46] [Client thread/ERROR]: 1280: Invalid enum
[15:18:46] [Client thread/ERROR]: ########## GL ERROR ##########
[15:18:46] [Client thread/ERROR]: @ Post render
[15:18:46] [Client thread/ERROR]: 1280: Invalid enum
[15:18:46] [Client thread/ERROR]: ########## GL ERROR ##########
[15:18:46] [Client thread/ERROR]: @ Post render
[15:18:46] [Client thread/ERROR]: 1280: Invalid enum
[15:18:46] [Client thread/ERROR]: ########## GL ERROR ##########
[15:18:46] [Client thread/ERROR]: @ Post render
[15:18:46] [Client thread/ERROR]: 1280: Invalid enum
[15:18:46] [Client thread/ERROR]: ########## GL ERROR ##########
[15:18:46] [Client thread/ERROR]: @ Post render
[15:18:46] [Client thread/ERROR]: 1280: Invalid enum
[15:18:46] [Client thread/ERROR]: ########## GL ERROR ##########
[15:18:46] [Client thread/ERROR]: @ Post render
[15:18:46] [Client thread/ERROR]: 1280: Invalid enum
[15:18:46] [Client thread/ERROR]: ########## GL ERROR ##########
[15:18:46] [Client thread/ERROR]: @ Post render
[15:18:46] [Client thread/ERROR]: 1280: Invalid enum
[15:18:46] [Client thread/ERROR]: ########## GL ERROR ##########
[15:18:46] [Client thread/ERROR]: @ Post render
[15:18:46] [Client thread/ERROR]: 1280: Invalid enum
[15:18:46] [Client thread/ERROR]: ########## GL ERROR ##########
[15:18:46] [Client thread/ERROR]: @ Post render
[15:18:46] [Client thread/ERROR]: 1280: Invalid enum
[15:18:46] [Client thread/ERROR]: ########## GL ERROR ##########
[15:18:46] [Client thread/ERROR]: @ Post render
[15:18:46] [Client thread/ERROR]: 1280: Invalid enum
[15:18:46] [Client thread/ERROR]: ########## GL ERROR ##########
[15:18:46] [Client thread/ERROR]: @ Post render
[15:18:46] [Client thread/ERROR]: 1280: Invalid enum
[15:18:46] [Client thread/ERROR]: ########## GL ERROR ##########
[15:18:46] [Client thread/ERROR]: @ Post render
[15:18:46] [Client thread/ERROR]: 1280: Invalid enum
[15:18:46] [Client thread/ERROR]: ########## GL ERROR ##########
[15:18:46] [Client thread/ERROR]: @ Post render
[15:18:46] [Client thread/ERROR]: 1280: Invalid enum
[15:18:46] [Client thread/ERROR]: ########## GL ERROR ##########
[15:18:46] [Client thread/ERROR]: @ Post render
[15:18:46] [Client thread/ERROR]: 1280: Invalid enum
[15:18:46] [Client thread/ERROR]: ########## GL ERROR ##########
[15:18:46] [Client thread/ERROR]: @ Post render
[15:18:46] [Client thread/ERROR]: 1280: Invalid enum
[15:18:46] [Client thread/ERROR]: ########## GL ERROR ##########
[15:18:46] [Client thread/ERROR]: @ Post render
[15:18:46] [Client thread/ERROR]: 1280: Invalid enum
[15:18:46] [Client thread/ERROR]: ########## GL ERROR ##########
[15:18:46] [Client thread/ERROR]: @ Post render
[15:18:46] [Client thread/ERROR]: 1280: Invalid enum
[15:18:46] [Client thread/ERROR]: ########## GL ERROR ##########
[15:18:46] [Client thread/ERROR]: @ Post render
[15:18:46] [Client thread/ERROR]: 1280: Invalid enum
[15:18:46] [Client thread/ERROR]: ########## GL ERROR ##########
[15:18:46] [Client thread/ERROR]: @ Post render
[15:18:46] [Client thread/ERROR]: 1280: Invalid enum
[15:18:46] [Client thread/ERROR]: ########## GL ERROR ##########
[15:18:46] [Client thread/ERROR]: @ Post render
[15:18:46] [Client thread/ERROR]: 1280: Invalid enum
[15:18:46] [Client thread/ERROR]: ########## GL ERROR ##########
[15:18:46] [Client thread/ERROR]: @ Post render
[15:18:46] [Client thread/ERROR]: 1280: Invalid enum
[15:18:46] [Client thread/ERROR]: ########## GL ERROR ##########
[15:18:46] [Client thread/ERROR]: @ Post render
[15:18:46] [Client thread/ERROR]: 1280: Invalid enum
[15:18:46] [Client thread/ERROR]: ########## GL ERROR ##########
[15:18:46] [Client thread/ERROR]: @ Post render
[15:18:46] [Client thread/ERROR]: 1280: Invalid enum
[15:18:46] [Client thread/ERROR]: ########## GL ERROR ##########
[15:18:46] [Client thread/ERROR]: @ Post render
[15:18:46] [Client thread/ERROR]: 1280: Invalid enum
[15:18:46] [Client thread/ERROR]: ########## GL ERROR ##########
[15:18:46] [Client thread/ERROR]: @ Post render
[15:18:46] [Client thread/ERROR]: 1280: Invalid enum
[15:18:47] [Client thread/ERROR]: ########## GL ERROR ##########
[15:18:47] [Client thread/ERROR]: @ Post render
[15:18:47] [Client thread/ERROR]: 1280: Invalid enum
[15:18:47] [Client thread/ERROR]: ########## GL ERROR ##########
[15:18:47] [Client thread/ERROR]: @ Post render
[15:18:47] [Client thread/ERROR]: 1280: Invalid enum
[15:18:47] [Client thread/ERROR]: ########## GL ERROR ##########
[15:18:47] [Client thread/ERROR]: @ Post render
[15:18:47] [Client thread/ERROR]: 1280: Invalid enum
[15:18:47] [Client thread/ERROR]: ########## GL ERROR ##########
[15:18:47] [Client thread/ERROR]: @ Post render
[15:18:47] [Client thread/ERROR]: 1280: Invalid enum
[15:18:47] [Client thread/ERROR]: ########## GL ERROR ##########
[15:18:47] [Client thread/ERROR]: @ Post render
[15:18:47] [Client thread/ERROR]: 1280: Invalid enum
[15:18:47] [Client thread/ERROR]: ########## GL ERROR ##########
[15:18:47] [Client thread/ERROR]: @ Post render
[15:18:47] [Client thread/ERROR]: 1280: Invalid enum
[15:18:47] [Client thread/ERROR]: ########## GL ERROR ##########
[15:18:47] [Client thread/ERROR]: @ Post render
[15:18:47] [Client thread/ERROR]: 1280: Invalid enum
[15:18:47] [Client thread/ERROR]: ########## GL ERROR ##########
[15:18:47] [Client thread/ERROR]: @ Post render
[15:18:47] [Client thread/ERROR]: 1280: Invalid enum
[15:18:47] [Client thread/ERROR]: ########## GL ERROR ##########
[15:18:47] [Client thread/ERROR]: @ Post render
[15:18:47] [Client thread/ERROR]: 1280: Invalid enum
[15:18:47] [Client thread/ERROR]: ########## GL ERROR ##########
[15:18:47] [Client thread/ERROR]: @ Post render
[15:18:47] [Client thread/ERROR]: 1280: Invalid enum
[15:18:47] [Client thread/ERROR]: ########## GL ERROR ##########
[15:18:47] [Client thread/ERROR]: @ Post render
[15:18:47] [Client thread/ERROR]: 1280: Invalid enum
[15:18:47] [Client thread/ERROR]: ########## GL ERROR ##########
[15:18:47] [Client thread/ERROR]: @ Post render
[15:18:47] [Client thread/ERROR]: 1280: Invalid enum
[15:18:47] [Client thread/ERROR]: ########## GL ERROR ##########
[15:18:47] [Client thread/ERROR]: @ Post render
[15:18:47] [Client thread/ERROR]: 1280: Invalid enum
[15:18:47] [Client thread/ERROR]: ########## GL ERROR ##########
[15:18:47] [Client thread/ERROR]: @ Post render
[15:18:47] [Client thread/ERROR]: 1280: Invalid enum
[15:18:47] [Client thread/ERROR]: ########## GL ERROR ##########
[15:18:47] [Client thread/ERROR]: @ Post render
[15:18:47] [Client thread/ERROR]: 1280: Invalid enum
[15:18:47] [Client thread/ERROR]: ########## GL ERROR ##########
[15:18:47] [Client thread/ERROR]: @ Post render
[15:18:47] [Client thread/ERROR]: 1280: Invalid enum
[15:18:47] [Client thread/ERROR]: ########## GL ERROR ##########
[15:18:47] [Client thread/ERROR]: @ Post render
[15:18:47] [Client thread/ERROR]: 1280: Invalid enum
[15:18:47] [Client thread/ERROR]: ########## GL ERROR ##########
[15:18:47] [Client thread/ERROR]: @ Post render
[15:18:47] [Client thread/ERROR]: 1280: Invalid enum
[15:18:47] [Client thread/ERROR]: ########## GL ERROR ##########
[15:18:47] [Client thread/ERROR]: @ Post render
[15:18:47] [Client thread/ERROR]: 1280: Invalid enum
[15:18:47] [Client thread/ERROR]: ########## GL ERROR ##########
[15:18:47] [Client thread/ERROR]: @ Post render
[15:18:47] [Client thread/ERROR]: 1280: Invalid enum
[15:18:47] [Client thread/ERROR]: ########## GL ERROR ##########
[15:18:47] [Client thread/ERROR]: @ Post render
[15:18:47] [Client thread/ERROR]: 1280: Invalid enum
[15:18:47] [Client thread/ERROR]: ########## GL ERROR ##########
[15:18:47] [Client thread/ERROR]: @ Post render
[15:18:47] [Client thread/ERROR]: 1280: Invalid enum
[15:18:47] [Client thread/ERROR]: ########## GL ERROR ##########
[15:18:47] [Client thread/ERROR]: @ Post render
[15:18:47] [Client thread/ERROR]: 1280: Invalid enum
[15:18:47] [Client thread/ERROR]: ########## GL ERROR ##########
[15:18:47] [Client thread/ERROR]: @ Post render
[15:18:47] [Client thread/ERROR]: 1280: Invalid enum
[15:18:47] [Client thread/ERROR]: ########## GL ERROR ##########
[15:18:47] [Client thread/ERROR]: @ Post render
[15:18:47] [Client thread/ERROR]: 1280: Invalid enum
[15:18:47] [Client thread/ERROR]: ########## GL ERROR ##########
[15:18:47] [Client thread/ERROR]: @ Post render
[15:18:47] [Client thread/ERROR]: 1280: Invalid enum
[15:18:47] [Client thread/ERROR]: ########## GL ERROR ##########
[15:18:47] [Client thread/ERROR]: @ Post render
[15:18:47] [Client thread/ERROR]: 1280: Invalid enum
[15:18:48] [Client thread/ERROR]: ########## GL ERROR ##########
[15:18:48] [Client thread/ERROR]: @ Post render
[15:18:48] [Client thread/ERROR]: 1280: Invalid enum
[15:18:48] [Client thread/ERROR]: ########## GL ERROR ##########
[15:18:48] [Client thread/ERROR]: @ Post render
[15:18:48] [Client thread/ERROR]: 1280: Invalid enum
[15:18:48] [Client thread/ERROR]: ########## GL ERROR ##########
[15:18:48] [Client thread/ERROR]: @ Post render
[15:18:48] [Client thread/ERROR]: 1280: Invalid enum
[15:18:48] [Client thread/ERROR]: ########## GL ERROR ##########
[15:18:48] [Client thread/ERROR]: @ Post render
[15:18:48] [Client thread/ERROR]: 1280: Invalid enum
[15:18:48] [Client thread/ERROR]: ########## GL ERROR ##########
[15:18:48] [Client thread/ERROR]: @ Post render
[15:18:48] [Client thread/ERROR]: 1280: Invalid enum
[15:18:48] [Client thread/ERROR]: ########## GL ERROR ##########
[15:18:48] [Client thread/ERROR]: @ Post render
[15:18:48] [Client thread/ERROR]: 1280: Invalid enum
[15:18:48] [Client thread/ERROR]: ########## GL ERROR ##########
[15:18:48] [Client thread/ERROR]: @ Post render
[15:18:48] [Client thread/ERROR]: 1280: Invalid enum
[15:18:48] [Client thread/ERROR]: ########## GL ERROR ##########
[15:18:48] [Client thread/ERROR]: @ Post render
[15:18:48] [Client thread/ERROR]: 1280: Invalid enum
[15:18:48] [Client thread/ERROR]: ########## GL ERROR ##########
[15:18:48] [Client thread/ERROR]: @ Post render
[15:18:48] [Client thread/ERROR]: 1280: Invalid enum
[15:18:48] [Client thread/ERROR]: ########## GL ERROR ##########
[15:18:48] [Client thread/ERROR]: @ Post render
[15:18:48] [Client thread/ERROR]: 1280: Invalid enum
[15:18:48] [Client thread/ERROR]: ########## GL ERROR ##########
[15:18:48] [Client thread/ERROR]: @ Post render
[15:18:48] [Client thread/ERROR]: 1280: Invalid enum
[15:18:48] [Client thread/ERROR]: ########## GL ERROR ##########
[15:18:48] [Client thread/ERROR]: @ Post render
[15:18:48] [Client thread/ERROR]: 1280: Invalid enum
[15:18:48] [Client thread/ERROR]: ########## GL ERROR ##########
[15:18:48] [Client thread/ERROR]: @ Post render
[15:18:48] [Client thread/ERROR]: 1280: Invalid enum
[15:18:48] [Server thread/INFO]: Player703 adquiriu a conquista [Fazendo Logística]
[15:18:49] [Client thread/ERROR]: ########## GL ERROR ##########
[15:18:49] [Client thread/ERROR]: @ Post render
[15:18:49] [Client thread/ERROR]: 1280: Invalid enum
[15:18:49] [Client thread/INFO]: [CHAT] Player703 adquiriu a conquista [Fazendo Logística]
[15:18:49] [Client thread/ERROR]: ########## GL ERROR ##########
[15:18:49] [Client thread/ERROR]: @ Post render
[15:18:49] [Client thread/ERROR]: 1280: Invalid enum
[15:18:49] [Client thread/ERROR]: ########## GL ERROR ##########
[15:18:49] [Client thread/ERROR]: @ Post render
[15:18:49] [Client thread/ERROR]: 1280: Invalid enum
[15:18:49] [Client thread/ERROR]: ########## GL ERROR ##########
[15:18:49] [Client thread/ERROR]: @ Post render
[15:18:49] [Client thread/ERROR]: 1280: Invalid enum
[15:18:49] [Client thread/ERROR]: ########## GL ERROR ##########
[15:18:49] [Client thread/ERROR]: @ Post render
[15:18:49] [Client thread/ERROR]: 1280: Invalid enum
[15:18:50] [Client thread/ERROR]: ########## GL ERROR ##########
[15:18:50] [Client thread/ERROR]: @ Post render
[15:18:50] [Client thread/ERROR]: 1280: Invalid enum
[15:18:50] [Client thread/ERROR]: ########## GL ERROR ##########
[15:18:50] [Client thread/ERROR]: @ Post render
[15:18:50] [Client thread/ERROR]: 1280: Invalid enum
[15:18:50] [Client thread/ERROR]: ########## GL ERROR ##########
[15:18:50] [Client thread/ERROR]: @ Post render
[15:18:50] [Client thread/ERROR]: 1280: Invalid enum
[15:18:50] [Client thread/ERROR]: ########## GL ERROR ##########
[15:18:50] [Client thread/ERROR]: @ Post render
[15:18:50] [Client thread/ERROR]: 1280: Invalid enum
[15:18:50] [Client thread/ERROR]: ########## GL ERROR ##########
[15:18:50] [Client thread/ERROR]: @ Post render
[15:18:50] [Client thread/ERROR]: 1280: Invalid enum
[15:18:50] [Client thread/ERROR]: ########## GL ERROR ##########
[15:18:50] [Client thread/ERROR]: @ Post render
[15:18:50] [Client thread/ERROR]: 1280: Invalid enum
[15:18:50] [Client thread/ERROR]: ########## GL ERROR ##########
[15:18:50] [Client thread/ERROR]: @ Post render
[15:18:50] [Client thread/ERROR]: 1280: Invalid enum
[15:18:50] [Client thread/ERROR]: ########## GL ERROR ##########
[15:18:50] [Client thread/ERROR]: @ Post render
[15:18:50] [Client thread/ERROR]: 1280: Invalid enum
[15:18:50] [Client thread/ERROR]: ########## GL ERROR ##########
[15:18:50] [Client thread/ERROR]: @ Post render
[15:18:50] [Client thread/ERROR]: 1280: Invalid enum
[15:18:50] [Client thread/ERROR]: ########## GL ERROR ##########
[15:18:50] [Client thread/ERROR]: @ Post render
[15:18:50] [Client thread/ERROR]: 1280: Invalid enum
[15:18:50] [Client thread/ERROR]: ########## GL ERROR ##########
[15:18:50] [Client thread/ERROR]: @ Post render
[15:18:50] [Client thread/ERROR]: 1280: Invalid enum
[15:18:50] [Client thread/ERROR]: ########## GL ERROR ##########
[15:18:50] [Client thread/ERROR]: @ Post render
[15:18:50] [Client thread/ERROR]: 1280: Invalid enum
[15:18:50] [Client thread/ERROR]: ########## GL ERROR ##########
[15:18:50] [Client thread/ERROR]: @ Post render
[15:18:50] [Client thread/ERROR]: 1280: Invalid enum
[15:18:50] [Client thread/ERROR]: ########## GL ERROR ##########
[15:18:50] [Client thread/ERROR]: @ Post render
[15:18:50] [Client thread/ERROR]: 1280: Invalid enum
[15:18:51] [Client thread/ERROR]: ########## GL ERROR ##########
[15:18:51] [Client thread/ERROR]: @ Post render
[15:18:51] [Client thread/ERROR]: 1280: Invalid enum
[15:18:51] [Client thread/ERROR]: ########## GL ERROR ##########
[15:18:51] [Client thread/ERROR]: @ Post render
[15:18:51] [Client thread/ERROR]: 1280: Invalid enum
[15:18:51] [Client thread/ERROR]: ########## GL ERROR ##########
[15:18:51] [Client thread/ERROR]: @ Post render
[15:18:51] [Client thread/ERROR]: 1280: Invalid enum
[15:18:51] [Client thread/ERROR]: ########## GL ERROR ##########
[15:18:51] [Client thread/ERROR]: @ Post render
[15:18:51] [Client thread/ERROR]: 1280: Invalid enum
[15:18:51] [Client thread/ERROR]: ########## GL ERROR ##########
[15:18:51] [Client thread/ERROR]: @ Post render
[15:18:51] [Client thread/ERROR]: 1280: Invalid enum
[15:18:51] [Client thread/ERROR]: ########## GL ERROR ##########
[15:18:51] [Client thread/ERROR]: @ Post render
[15:18:51] [Client thread/ERROR]: 1280: Invalid enum
[15:18:51] [Client thread/ERROR]: ########## GL ERROR ##########
[15:18:51] [Client thread/ERROR]: @ Post render
[15:18:51] [Client thread/ERROR]: 1280: Invalid enum
[15:18:51] [Client thread/ERROR]: ########## GL ERROR ##########
[15:18:51] [Client thread/ERROR]: @ Post render
[15:18:51] [Client thread/ERROR]: 1280: Invalid enum
[15:18:51] [Client thread/ERROR]: ########## GL ERROR ##########
[15:18:51] [Client thread/ERROR]: @ Post render
[15:18:51] [Client thread/ERROR]: 1280: Invalid enum
[15:18:51] [Client thread/ERROR]: ########## GL ERROR ##########
[15:18:51] [Client thread/ERROR]: @ Post render
[15:18:51] [Client thread/ERROR]: 1280: Invalid enum
[15:18:51] [Client thread/ERROR]: ########## GL ERROR ##########
[15:18:51] [Client thread/ERROR]: @ Post render
[15:18:51] [Client thread/ERROR]: 1280: Invalid enum
[15:18:52] [Client thread/ERROR]: ########## GL ERROR ##########
[15:18:52] [Client thread/ERROR]: @ Post render
[15:18:52] [Client thread/ERROR]: 1280: Invalid enum
[15:18:52] [Client thread/ERROR]: ########## GL ERROR ##########
[15:18:52] [Client thread/ERROR]: @ Post render
[15:18:52] [Client thread/ERROR]: 1280: Invalid enum
[15:18:52] [Client thread/ERROR]: ########## GL ERROR ##########
[15:18:52] [Client thread/ERROR]: @ Post render
[15:18:52] [Client thread/ERROR]: 1280: Invalid enum
[15:18:52] [Client thread/ERROR]: ########## GL ERROR ##########
[15:18:52] [Client thread/ERROR]: @ Post render
[15:18:52] [Client thread/ERROR]: 1280: Invalid enum
[15:18:52] [Client thread/ERROR]: ########## GL ERROR ##########
[15:18:52] [Client thread/ERROR]: @ Post render
[15:18:52] [Client thread/ERROR]: 1280: Invalid enum
[15:18:52] [Client thread/ERROR]: ########## GL ERROR ##########
[15:18:52] [Client thread/ERROR]: @ Post render
[15:18:52] [Client thread/ERROR]: 1280: Invalid enum
[15:18:52] [Client thread/ERROR]: ########## GL ERROR ##########
[15:18:52] [Client thread/ERROR]: @ Post render
[15:18:52] [Client thread/ERROR]: 1280: Invalid enum
[15:18:52] [Client thread/ERROR]: ########## GL ERROR ##########
[15:18:52] [Client thread/ERROR]: @ Post render
[15:18:52] [Client thread/ERROR]: 1280: Invalid enum
[15:18:52] [Client thread/ERROR]: ########## GL ERROR ##########
[15:18:52] [Client thread/ERROR]: @ Post render
[15:18:52] [Client thread/ERROR]: 1280: Invalid enum
[15:18:52] [Client thread/ERROR]: ########## GL ERROR ##########
[15:18:52] [Client thread/ERROR]: @ Post render
[15:18:52] [Client thread/ERROR]: 1280: Invalid enum
[15:18:53] [Client thread/ERROR]: ########## GL ERROR ##########
[15:18:53] [Client thread/ERROR]: @ Post render
[15:18:53] [Client thread/ERROR]: 1280: Invalid enum
[15:18:53] [Client thread/ERROR]: ########## GL ERROR ##########
[15:18:53] [Client thread/ERROR]: @ Post render
[15:18:53] [Client thread/ERROR]: 1280: Invalid enum
[15:18:53] [Client thread/ERROR]: ########## GL ERROR ##########
[15:18:53] [Client thread/ERROR]: @ Post render
[15:18:53] [Client thread/ERROR]: 1280: Invalid enum
[15:18:53] [Client thread/ERROR]: ########## GL ERROR ##########
[15:18:53] [Client thread/ERROR]: @ Post render
[15:18:53] [Client thread/ERROR]: 1280: Invalid enum
[15:18:53] [Client thread/ERROR]: ########## GL ERROR ##########
[15:18:53] [Client thread/ERROR]: @ Post render
[15:18:53] [Client thread/ERROR]: 1280: Invalid enum
[15:18:53] [Client thread/ERROR]: ########## GL ERROR ##########
[15:18:53] [Client thread/ERROR]: @ Post render
[15:18:53] [Client thread/ERROR]: 1280: Invalid enum
[15:18:53] [Client thread/ERROR]: ########## GL ERROR ##########
[15:18:53] [Client thread/ERROR]: @ Post render
[15:18:53] [Client thread/ERROR]: 1280: Invalid enum
[15:18:53] [Client thread/ERROR]: ########## GL ERROR ##########
[15:18:53] [Client thread/ERROR]: @ Post render
[15:18:53] [Client thread/ERROR]: 1280: Invalid enum
[15:18:53] [Client thread/ERROR]: ########## GL ERROR ##########
[15:18:53] [Client thread/ERROR]: @ Post render
[15:18:53] [Client thread/ERROR]: 1280: Invalid enum
[15:18:53] [Client thread/ERROR]: ########## GL ERROR ##########
[15:18:53] [Client thread/ERROR]: @ Post render
[15:18:53] [Client thread/ERROR]: 1280: Invalid enum
[15:18:54] [Client thread/ERROR]: ########## GL ERROR ##########
[15:18:54] [Client thread/ERROR]: @ Post render
[15:18:54] [Client thread/ERROR]: 1280: Invalid enum
[15:18:54] [Client thread/ERROR]: ########## GL ERROR ##########
[15:18:54] [Client thread/ERROR]: @ Post render
[15:18:54] [Client thread/ERROR]: 1280: Invalid enum
[15:18:54] [Client thread/ERROR]: ########## GL ERROR ##########
[15:18:54] [Client thread/ERROR]: @ Post render
[15:18:54] [Client thread/ERROR]: 1280: Invalid enum
[15:18:54] [Client thread/ERROR]: ########## GL ERROR ##########
[15:18:54] [Client thread/ERROR]: @ Post render
[15:18:54] [Client thread/ERROR]: 1280: Invalid enum
[15:18:54] [Client thread/ERROR]: ########## GL ERROR ##########
[15:18:54] [Client thread/ERROR]: @ Post render
[15:18:54] [Client thread/ERROR]: 1280: Invalid enum
[15:18:54] [Client thread/ERROR]: ########## GL ERROR ##########
[15:18:54] [Client thread/ERROR]: @ Post render
[15:18:54] [Client thread/ERROR]: 1280: Invalid enum
[15:18:54] [Client thread/ERROR]: ########## GL ERROR ##########
[15:18:54] [Client thread/ERROR]: @ Post render
[15:18:54] [Client thread/ERROR]: 1280: Invalid enum
[15:18:54] [Client thread/ERROR]: ########## GL ERROR ##########
[15:18:54] [Client thread/ERROR]: @ Post render
[15:18:54] [Client thread/ERROR]: 1280: Invalid enum
[15:18:54] [Client thread/ERROR]: ########## GL ERROR ##########
[15:18:54] [Client thread/ERROR]: @ Post render
[15:18:54] [Client thread/ERROR]: 1280: Invalid enum
[15:18:54] [Client thread/ERROR]: ########## GL ERROR ##########
[15:18:54] [Client thread/ERROR]: @ Post render
[15:18:54] [Client thread/ERROR]: 1280: Invalid enum
[15:18:54] [Client thread/ERROR]: ########## GL ERROR ##########
[15:18:54] [Client thread/ERROR]: @ Post render
[15:18:54] [Client thread/ERROR]: 1280: Invalid enum
[15:18:55] [Client thread/ERROR]: ########## GL ERROR ##########
[15:18:55] [Client thread/ERROR]: @ Post render
[15:18:55] [Client thread/ERROR]: 1280: Invalid enum
[15:18:55] [Client thread/ERROR]: ########## GL ERROR ##########
[15:18:55] [Client thread/ERROR]: @ Post render
[15:18:55] [Client thread/ERROR]: 1280: Invalid enum
[15:18:55] [Client thread/ERROR]: ########## GL ERROR ##########
[15:18:55] [Client thread/ERROR]: @ Post render
[15:18:55] [Client thread/ERROR]: 1280: Invalid enum
[15:18:55] [Client thread/ERROR]: ########## GL ERROR ##########
[15:18:55] [Client thread/ERROR]: @ Post render
[15:18:55] [Client thread/ERROR]: 1280: Invalid enum
[15:18:55] [Client thread/ERROR]: ########## GL ERROR ##########
[15:18:55] [Client thread/ERROR]: @ Post render
[15:18:55] [Client thread/ERROR]: 1280: Invalid enum
[15:18:55] [Client thread/ERROR]: ########## GL ERROR ##########
[15:18:55] [Client thread/ERROR]: @ Post render
[15:18:55] [Client thread/ERROR]: 1280: Invalid enum
[15:18:55] [Client thread/ERROR]: ########## GL ERROR ##########
[15:18:55] [Client thread/ERROR]: @ Post render
[15:18:55] [Client thread/ERROR]: 1280: Invalid enum
[15:18:55] [Client thread/ERROR]: ########## GL ERROR ##########
[15:18:55] [Client thread/ERROR]: @ Post render
[15:18:55] [Client thread/ERROR]: 1280: Invalid enum
[15:18:55] [Client thread/ERROR]: ########## GL ERROR ##########
[15:18:55] [Client thread/ERROR]: @ Post render
[15:18:55] [Client thread/ERROR]: 1280: Invalid enum
[15:18:55] [Client thread/ERROR]: ########## GL ERROR ##########
[15:18:55] [Client thread/ERROR]: @ Post render
[15:18:55] [Client thread/ERROR]: 1280: Invalid enum
[15:18:55] [Client thread/ERROR]: ########## GL ERROR ##########
[15:18:55] [Client thread/ERROR]: @ Post render
[15:18:55] [Client thread/ERROR]: 1280: Invalid enum
[15:18:56] [Client thread/ERROR]: ########## GL ERROR ##########
[15:18:56] [Client thread/ERROR]: @ Post render
[15:18:56] [Client thread/ERROR]: 1280: Invalid enum
[15:18:56] [Client thread/ERROR]: ########## GL ERROR ##########
[15:18:56] [Client thread/ERROR]: @ Post render
[15:18:56] [Client thread/ERROR]: 1280: Invalid enum
[15:18:56] [Client thread/ERROR]: ########## GL ERROR ##########
[15:18:56] [Client thread/ERROR]: @ Post render
[15:18:56] [Client thread/ERROR]: 1280: Invalid enum
[15:18:56] [Client thread/ERROR]: ########## GL ERROR ##########
[15:18:56] [Client thread/ERROR]: @ Post render
[15:18:56] [Client thread/ERROR]: 1280: Invalid enum
[15:18:56] [Client thread/ERROR]: ########## GL ERROR ##########
[15:18:56] [Client thread/ERROR]: @ Post render
[15:18:56] [Client thread/ERROR]: 1280: Invalid enum
[15:18:56] [Client thread/ERROR]: ########## GL ERROR ##########
[15:18:56] [Client thread/ERROR]: @ Post render
[15:18:56] [Client thread/ERROR]: 1280: Invalid enum
[15:18:56] [Client thread/ERROR]: ########## GL ERROR ##########
[15:18:56] [Client thread/ERROR]: @ Post render
[15:18:56] [Client thread/ERROR]: 1280: Invalid enum
[15:18:56] [Client thread/ERROR]: ########## GL ERROR ##########
[15:18:56] [Client thread/ERROR]: @ Post render
[15:18:56] [Client thread/ERROR]: 1280: Invalid enum
[15:18:56] [Client thread/ERROR]: ########## GL ERROR ##########
[15:18:56] [Client thread/ERROR]: @ Post render
[15:18:56] [Client thread/ERROR]: 1280: Invalid enum
[15:18:56] [Client thread/ERROR]: ########## GL ERROR ##########
[15:18:56] [Client thread/ERROR]: @ Post render
[15:18:56] [Client thread/ERROR]: 1280: Invalid enum
[15:18:56] [Client thread/ERROR]: ########## GL ERROR ##########
[15:18:56] [Client thread/ERROR]: @ Post render
[15:18:56] [Client thread/ERROR]: 1280: Invalid enum
[15:18:57] [Client thread/ERROR]: ########## GL ERROR ##########
[15:18:57] [Client thread/ERROR]: @ Post render
[15:18:57] [Client thread/ERROR]: 1280: Invalid enum
[15:18:57] [Client thread/ERROR]: ########## GL ERROR ##########
[15:18:57] [Client thread/ERROR]: @ Post render
[15:18:57] [Client thread/ERROR]: 1280: Invalid enum
[15:18:57] [Client thread/ERROR]: ########## GL ERROR ##########
[15:18:57] [Client thread/ERROR]: @ Post render
[15:18:57] [Client thread/ERROR]: 1280: Invalid enum
[15:18:57] [Client thread/ERROR]: ########## GL ERROR ##########
[15:18:57] [Client thread/ERROR]: @ Post render
[15:18:57] [Client thread/ERROR]: 1280: Invalid enum
[15:18:57] [Client thread/ERROR]: ########## GL ERROR ##########
[15:18:57] [Client thread/ERROR]: @ Post render
[15:18:57] [Client thread/ERROR]: 1280: Invalid enum
[15:18:57] [Client thread/ERROR]: ########## GL ERROR ##########
[15:18:57] [Client thread/ERROR]: @ Post render
[15:18:57] [Client thread/ERROR]: 1280: Invalid enum
[15:18:57] [Client thread/ERROR]: ########## GL ERROR ##########
[15:18:57] [Client thread/ERROR]: @ Post render
[15:18:57] [Client thread/ERROR]: 1280: Invalid enum
[15:18:57] [Client thread/ERROR]: ########## GL ERROR ##########
[15:18:57] [Client thread/ERROR]: @ Post render
[15:18:57] [Client thread/ERROR]: 1280: Invalid enum
[15:18:57] [Client thread/ERROR]: ########## GL ERROR ##########
[15:18:57] [Client thread/ERROR]: @ Post render
[15:18:57] [Client thread/ERROR]: 1280: Invalid enum
[15:18:58] [Client thread/ERROR]: ########## GL ERROR ##########
[15:18:58] [Client thread/ERROR]: @ Post render
[15:18:58] [Client thread/ERROR]: 1280: Invalid enum
[15:18:58] [Client thread/ERROR]: ########## GL ERROR ##########
[15:18:58] [Client thread/ERROR]: @ Post render
[15:18:58] [Client thread/ERROR]: 1280: Invalid enum
[15:18:58] [Client thread/ERROR]: ########## GL ERROR ##########
[15:18:58] [Client thread/ERROR]: @ Post render
[15:18:58] [Client thread/ERROR]: 1280: Invalid enum
[15:18:58] [Client thread/ERROR]: ########## GL ERROR ##########
[15:18:58] [Client thread/ERROR]: @ Post render
[15:18:58] [Client thread/ERROR]: 1280: Invalid enum
[15:18:58] [Client thread/ERROR]: ########## GL ERROR ##########
[15:18:58] [Client thread/ERROR]: @ Post render
[15:18:58] [Client thread/ERROR]: 1280: Invalid enum
[15:18:58] [Client thread/ERROR]: ########## GL ERROR ##########
[15:18:58] [Client thread/ERROR]: @ Post render
[15:18:58] [Client thread/ERROR]: 1280: Invalid enum
[15:18:58] [Client thread/ERROR]: ########## GL ERROR ##########
[15:18:58] [Client thread/ERROR]: @ Post render
[15:18:58] [Client thread/ERROR]: 1280: Invalid enum
[15:18:58] [Server thread/INFO]: Saving and pausing game...
[15:18:58] [Server thread/INFO]: Saving chunks for level 'sddsadsa'/Overworld
[15:18:58] [Client thread/ERROR]: ########## GL ERROR ##########
[15:18:58] [Client thread/ERROR]: @ Post render
[15:18:58] [Client thread/ERROR]: 1280: Invalid enum
[15:18:58] [Server thread/INFO]: Saving chunks for level 'sddsadsa'/Nether
[15:18:58] [Server thread/INFO]: Saving chunks for level 'sddsadsa'/The End
[15:18:58] [Client thread/ERROR]: ########## GL ERROR ##########
[15:18:58] [Client thread/ERROR]: @ Post render
[15:18:58] [Client thread/ERROR]: 1280: Invalid enum
[15:18:59] [Client thread/ERROR]: ########## GL ERROR ##########
[15:18:59] [Client thread/ERROR]: @ Post render
[15:18:59] [Client thread/ERROR]: 1280: Invalid enum
[15:18:59] [Client thread/ERROR]: ########## GL ERROR ##########
[15:18:59] [Client thread/ERROR]: @ Post render
[15:18:59] [Client thread/ERROR]: 1280: Invalid enum
[15:18:59] [Server thread/INFO]: Stopping server
[15:18:59] [Server thread/INFO]: Saving players
[15:18:59] [Server thread/INFO]: Saving worlds
[15:18:59] [Server thread/INFO]: Saving chunks for level 'sddsadsa'/Overworld
[15:18:59] [Server thread/INFO]: Saving chunks for level 'sddsadsa'/Nether
[15:18:59] [Server thread/INFO]: Saving chunks for level 'sddsadsa'/The End
[15:19:00] [Client thread/INFO]: Stopping!
